Filtering proteome score ...
3060 upids had scores
pre-read 95 score txt (for compare) ...
0 Errors of taxon mismatch

2	1090133	UP000013920	10000027
	UP000008853	10000023

2	302272	UP000006563	10000009
	UP000007311	10000007

3	186617	UP000018354	10000114
	UP000017976	10000006
	UP000018010	10000011

2	373126	UP000002260	10000051
	UP000002547	10000047

2	10710	UP000001711	10000066
	UP000008184	10000056

2	10679	UP000001757	10000046
	UP000009092	10000043

4	10760	UP000000840	10000057
	UP000008856	10000048
	UP000001717	10000052
	UP000001715	10000049

2	347962	UP000001533	10000053
	UP000006926	10000050

3	10843	UP000002140	10000010
	UP000006945	10000010
	UP000008356	10000010

2	10726	UP000002107	10000162
	UP000002141	10000152

2	10665	UP000001092	10000289
	UP000009087	10000272

2	10717	UP000002667	10000052
	UP000008338	10000051

2	10658	UP000001050	10000032
	UP000002143	10000030

2	194966	UP000000843	10000052
	UP000001721	10000052
14 taxons checked with duplications

18 entries removed
processing 95 score txt ...
Removed:|UP000009092-10679	UP000009092-10679;	UP000009092-10679
ADDING BACK: UP000013920-1090133|UP000008853-1090133;
Removed:|UP000018010-186617	UP000018010-186617;	UP000018010-186617
ADDING BACK: UP000000843-194966|UP000001721-194966;
Removed:|UP000008856-10760	UP000008856-10760;	UP000008856-10760
ADDING BACK: UP000008857-302271|UP000007311-302272;
Removed:|UP000008853-1090133	UP000008853-1090133;	UP000008853-1090133
Removed:|UP000007311-302272	UP000007311-302272;	UP000007311-302272
ADDING BACK: UP000001757-10679|UP000009092-10679;
ADDING BACK: UP000011155-1273714|UP000006945-10843;UP000006124-10843;UP000006123-10843;UP000008356-10843;
Removed:|UP000002141-10726	UP000002141-10726;	UP000002141-10726
Removed:|UP000017976-186617	UP000017976-186617;	UP000017976-186617
ADDING BACK: UP000001050-10658|UP000002143-10658;UP000001242-318595;UP000001541-318596;UP000001241-261665;UP000001532-318594;UP000001004-318593;
ADDING BACK: UP000001711-10710|UP000008184-10710;
ADDING BACK: UP000018354-186617|UP000017976-186617;UP000018010-186617;
Removed:|UP000006945-10843	UP000006945-10843;UP000006124-10843;UP000006123-10843;	UP000006945-10843
ADDING BACK: UP000002667-10717|UP000008338-10717;
ADDING BACK: UP000002503-10726|UP000002141-10726;
Removed:|UP000001717-10760	UP000001717-10760;UP000001716-10760;	UP000001717-10760
Removed:|UP000002143-10658	UP000002143-10658;UP000001242-318595;UP000001541-318596;UP000001241-261665;UP000001532-318594;UP000001004-318593;	UP000002143-10658
Removed:|UP000001721-194966	UP000001721-194966;	UP000001721-194966
Removed:|UP000009087-10665	UP000009087-10665;	UP000009087-10665
Removed:|UP000008184-10710	UP000008184-10710;	UP000008184-10710
Removed:|UP000008338-10717	UP000008338-10717;	UP000008338-10717
Removed:|UP000008356-10843	UP000008356-10843;	UP000008356-10843
ADDING BACK: UP000029930-697289|UP000009087-10665;
ADDING BACK: UP000001714-10760|UP000008856-10760;UP000001717-10760;UP000001716-10760;UP000007959-10760;UP000001715-10760;
Removed:|UP000001715-10760	UP000007959-10760;UP000001715-10760;	UP000007959-10760
ADDING BACK: UP000002260-373126|UP000002547-373126;
Removed:|UP000006926-347962	UP000006926-347962;	UP000006926-347962
Removed:|UP000002547-373126	UP000002547-373126;	UP000002547-373126
ADDING BACK: UP000009048-347966|UP000006926-347962;
18 entries removed
added back to 14 taxons
processing 95 hashing score txt ...
Removed:|10029090909090.UP000002547-373126	UP000002547-373126
Removed:|20010000000000.UP000001717-10760	UP000001717-10760
Removed:|20010000000000.UP000008356-10843	UP000008356-10843
Removed:|20009895833333.UP000001715-10760	UP000001715-10760
Removed:|20010000000000.UP000007311-302272	UP000007311-302272
Removed:|10063255813953.UP000009092-10679	UP000009092-10679
Removed:|10103311258278.UP000002141-10726	UP000002141-10726
Removed:|20010000000000.UP000006945-10843	UP000006945-10843
Removed:|10057499999999.UP000001721-194966	UP000001721-194966
Removed:|20009600000000.UP000006926-347962	UP000006926-347962
Removed:|10169130434782.UP000008853-1090133	UP000008853-1090133
Removed:|20009704797047.UP000009087-10665	UP000009087-10665
Removed:|10012857142857.UP000018010-186617	UP000018010-186617
Removed:|10012500000000.UP000017976-186617	UP000017976-186617
Removed:|10101250000000.UP000008184-10710	UP000008184-10710
Removed:|20010000000000.UP000002143-10658	UP000002143-10658
Removed:|20009787234042.UP000008856-10760	UP000008856-10760
Removed:|10020980392156.UP000008338-10717	UP000008338-10717
18 entries removed
